Symlinking /home/arionlaw/Documents/ContinuumRobotModel/devel/lib/pkgconfig/dvrk_planning_msgs.pc
Symlinking /home/arionlaw/Documents/ContinuumRobotModel/devel/lib/python3/dist-packages/dvrk_planning_msgs/__init__.py
Symlinking /home/arionlaw/Documents/ContinuumRobotModel/devel/lib/python3/dist-packages/dvrk_planning_msgs/srv/_ComputeIK.py
Symlinking /home/arionlaw/Documents/ContinuumRobotModel/devel/lib/python3/dist-packages/dvrk_planning_msgs/srv/__init__.py
Symlinking /home/arionlaw/Documents/ContinuumRobotModel/devel/lib/python3/dist-packages/dvrk_planning_msgs/msg/_Waypoints.py
Symlinking /home/arionlaw/Documents/ContinuumRobotModel/devel/lib/python3/dist-packages/dvrk_planning_msgs/msg/_TrajectoryStatus.py
Symlinking /home/arionlaw/Documents/ContinuumRobotModel/devel/lib/python3/dist-packages/dvrk_planning_msgs/msg/__init__.py
Symlinking /home/arionlaw/Documents/ContinuumRobotModel/devel/include/dvrk_planning_msgs/TrajectoryStatus.h
Symlinking /home/arionlaw/Documents/ContinuumRobotModel/devel/include/dvrk_planning_msgs/Waypoints.h
Symlinking /home/arionlaw/Documents/ContinuumRobotModel/devel/include/dvrk_planning_msgs/ComputeIKResponse.h
Symlinking /home/arionlaw/Documents/ContinuumRobotModel/devel/include/dvrk_planning_msgs/ComputeIK.h
Symlinking /home/arionlaw/Documents/ContinuumRobotModel/devel/include/dvrk_planning_msgs/ComputeIKRequest.h
Symlinking /home/arionlaw/Documents/ContinuumRobotModel/devel/share/gennodejs/ros/dvrk_planning_msgs/_index.js
Symlinking /home/arionlaw/Documents/ContinuumRobotModel/devel/share/gennodejs/ros/dvrk_planning_msgs/srv/_index.js
Symlinking /home/arionlaw/Documents/ContinuumRobotModel/devel/share/gennodejs/ros/dvrk_planning_msgs/srv/ComputeIK.js
Symlinking /home/arionlaw/Documents/ContinuumRobotModel/devel/share/gennodejs/ros/dvrk_planning_msgs/msg/_index.js
Symlinking /home/arionlaw/Documents/ContinuumRobotModel/devel/share/gennodejs/ros/dvrk_planning_msgs/msg/Waypoints.js
Symlinking /home/arionlaw/Documents/ContinuumRobotModel/devel/share/gennodejs/ros/dvrk_planning_msgs/msg/TrajectoryStatus.js
Symlinking /home/arionlaw/Documents/ContinuumRobotModel/devel/share/roseus/ros/dvrk_planning_msgs/manifest.l
Symlinking /home/arionlaw/Documents/ContinuumRobotModel/devel/share/roseus/ros/dvrk_planning_msgs/srv/ComputeIK.l
Symlinking /home/arionlaw/Documents/ContinuumRobotModel/devel/share/roseus/ros/dvrk_planning_msgs/msg/Waypoints.l
Symlinking /home/arionlaw/Documents/ContinuumRobotModel/devel/share/roseus/ros/dvrk_planning_msgs/msg/TrajectoryStatus.l
Symlinking /home/arionlaw/Documents/ContinuumRobotModel/devel/share/common-lisp/ros/dvrk_planning_msgs/srv/_package.lisp
Symlinking /home/arionlaw/Documents/ContinuumRobotModel/devel/share/common-lisp/ros/dvrk_planning_msgs/srv/dvrk_planning_msgs-srv.asd
Symlinking /home/arionlaw/Documents/ContinuumRobotModel/devel/share/common-lisp/ros/dvrk_planning_msgs/srv/_package_ComputeIK.lisp
Symlinking /home/arionlaw/Documents/ContinuumRobotModel/devel/share/common-lisp/ros/dvrk_planning_msgs/srv/ComputeIK.lisp
Symlinking /home/arionlaw/Documents/ContinuumRobotModel/devel/share/common-lisp/ros/dvrk_planning_msgs/msg/_package_TrajectoryStatus.lisp
Symlinking /home/arionlaw/Documents/ContinuumRobotModel/devel/share/common-lisp/ros/dvrk_planning_msgs/msg/_package.lisp
Symlinking /home/arionlaw/Documents/ContinuumRobotModel/devel/share/common-lisp/ros/dvrk_planning_msgs/msg/Waypoints.lisp
Symlinking /home/arionlaw/Documents/ContinuumRobotModel/devel/share/common-lisp/ros/dvrk_planning_msgs/msg/_package_Waypoints.lisp
Symlinking /home/arionlaw/Documents/ContinuumRobotModel/devel/share/common-lisp/ros/dvrk_planning_msgs/msg/dvrk_planning_msgs-msg.asd
Symlinking /home/arionlaw/Documents/ContinuumRobotModel/devel/share/common-lisp/ros/dvrk_planning_msgs/msg/TrajectoryStatus.lisp
Symlinking /home/arionlaw/Documents/ContinuumRobotModel/devel/share/dvrk_planning_msgs/cmake/dvrk_planning_msgsConfig-version.cmake
Symlinking /home/arionlaw/Documents/ContinuumRobotModel/devel/share/dvrk_planning_msgs/cmake/dvrk_planning_msgs-msg-extras.cmake
Symlinking /home/arionlaw/Documents/ContinuumRobotModel/devel/share/dvrk_planning_msgs/cmake/dvrk_planning_msgs-msg-paths.cmake
Symlinking /home/arionlaw/Documents/ContinuumRobotModel/devel/share/dvrk_planning_msgs/cmake/dvrk_planning_msgsConfig.cmake
