[35m[1mScanning dependencies of target _dvrk_planning_msgs_generate_messages_check_deps_TrajectoryStatus[0m
[35m[1mScanning dependencies of target _dvrk_planning_msgs_generate_messages_check_deps_ComputeIK[0m
[35m[1mScanning dependencies of target geometry_msgs_generate_messages_eus[0m
[35m[1mScanning dependencies of target sensor_msgs_generate_messages_py[0m
[35m[1mScanning dependencies of target geometry_msgs_generate_messages_py[0m
[35m[1mScanning dependencies of target sensor_msgs_generate_messages_eus[0m
[35m[1mScanning dependencies of target sensor_msgs_generate_messages_nodejs[0m
[35m[1mScanning dependencies of target _dvrk_planning_msgs_generate_messages_check_deps_Waypoints[0m
[35m[1mScanning dependencies of target geometry_msgs_generate_messages_lisp[0m
[35m[1mScanning dependencies of target sensor_msgs_generate_messages_lisp[0m
[35m[1mScanning dependencies of target geometry_msgs_generate_messages_nodejs[0m
[  0%] Built target sensor_msgs_generate_messages_nodejs
[  0%] Built target sensor_msgs_generate_messages_py
[  0%] Built target geometry_msgs_generate_messages_py
[  0%] Built target geometry_msgs_generate_messages_eus
[  0%] Built target sensor_msgs_generate_messages_eus
[  0%] Built target geometry_msgs_generate_messages_lisp
[  0%] Built target sensor_msgs_generate_messages_lisp
[35m[1mScanning dependencies of target geometry_msgs_generate_messages_cpp[0m
[35m[1mScanning dependencies of target sensor_msgs_generate_messages_cpp[0m
[  0%] Built target geometry_msgs_generate_messages_nodejs
[  0%] Built target sensor_msgs_generate_messages_cpp
[  0%] Built target geometry_msgs_generate_messages_cpp
[  0%] Built target _dvrk_planning_msgs_generate_messages_check_deps_Waypoints
[  0%] Built target _dvrk_planning_msgs_generate_messages_check_deps_ComputeIK
[  0%] Built target _dvrk_planning_msgs_generate_messages_check_deps_TrajectoryStatus
[35m[1mScanning dependencies of target dvrk_planning_msgs_generate_messages_nodejs[0m
[35m[1mScanning dependencies of target dvrk_planning_msgs_generate_messages_eus[0m
[35m[1mScanning dependencies of target dvrk_planning_msgs_generate_messages_py[0m
[35m[1mScanning dependencies of target dvrk_planning_msgs_generate_messages_lisp[0m
[35m[1mScanning dependencies of target dvrk_planning_msgs_generate_messages_cpp[0m
[ 27%] [34m[1mGenerating EusLisp code from dvrk_planning_msgs/Waypoints.msg[0m
[ 27%] [34m[1mGenerating Python code from SRV dvrk_planning_msgs/ComputeIK[0m
[ 27%] [34m[1mGenerating Lisp code from dvrk_planning_msgs/Waypoints.msg[0m
[ 27%] [34m[1mGenerating Javascript code from dvrk_planning_msgs/Waypoints.msg[0m
[ 38%] [34m[1mGenerating Lisp code from dvrk_planning_msgs/TrajectoryStatus.msg[0m
[ 44%] [34m[1mGenerating Python from MSG dvrk_planning_msgs/Waypoints[0m
[ 44%] [34m[1mGenerating C++ code from dvrk_planning_msgs/Waypoints.msg[0m
[ 44%] [34m[1mGenerating EusLisp code from dvrk_planning_msgs/ComputeIK.srv[0m
[ 50%] [34m[1mGenerating Javascript code from dvrk_planning_msgs/TrajectoryStatus.msg[0m
[ 55%] [34m[1mGenerating Python from MSG dvrk_planning_msgs/TrajectoryStatus[0m
[ 61%] [34m[1mGenerating EusLisp manifest code for dvrk_planning_msgs[0m
[ 66%] [34m[1mGenerating EusLisp code from dvrk_planning_msgs/TrajectoryStatus.msg[0m
[ 72%] [34m[1mGenerating C++ code from dvrk_planning_msgs/TrajectoryStatus.msg[0m
[ 77%] [34m[1mGenerating Lisp code from dvrk_planning_msgs/ComputeIK.srv[0m
[ 83%] [34m[1mGenerating C++ code from dvrk_planning_msgs/ComputeIK.srv[0m
[ 88%] [34m[1mGenerating Javascript code from dvrk_planning_msgs/ComputeIK.srv[0m
[ 88%] Built target dvrk_planning_msgs_generate_messages_lisp
[ 88%] Built target dvrk_planning_msgs_generate_messages_nodejs
[100%] [34m[1mGenerating Python srv __init__.py for dvrk_planning_msgs[0m
[100%] [34m[1mGenerating Python msg __init__.py for dvrk_planning_msgs[0m
[100%] Built target dvrk_planning_msgs_generate_messages_cpp
[100%] Built target dvrk_planning_msgs_generate_messages_py
[100%] Built target dvrk_planning_msgs_generate_messages_eus
[35m[1mScanning dependencies of target dvrk_planning_msgs_generate_messages[0m
[100%] Built target dvrk_planning_msgs_generate_messages
